2022-08-23 22:03:31,645 [Worker-3: Loading available Gradle versions] INFO  o.e.b.c.i.u.g.PublishedGradleVersions - Gradle version information cache is up-to-date. Trying to read.
2022-08-23 22:04:35,643 [Worker-4: Building] INFO  o.e.m.c.i.l.LifecycleMappingFactory - Using org.eclipse.m2e.jdt.JarLifecycleMapping lifecycle mapping for MavenProject: com.springcore:springcore:0.0.1-SNAPSHOT @ F:\spring-framework\springcore\pom.xml.
2022-08-23 22:04:35,643 [Worker-17: Updating Maven Dependencies] INFO  o.e.m.c.i.l.LifecycleMappingFactory - Using org.eclipse.m2e.jdt.JarLifecycleMapping lifecycle mapping for MavenProject: com.spring.orm:springorm:0.0.1-SNAPSHOT @ F:\spring-framework\springorm\pom.xml.
2022-08-23 22:04:36,078 [Worker-17: Updating Maven Dependencies] WARN  o.a.m.r.i.DefaultArtifactDescriptorReader - The artifact org.hibernate:hibernate-core:jar:6.0.2.Final has been relocated to org.hibernate.orm:hibernate-core:jar:6.0.2.Final
2022-08-23 22:04:37,721 [Worker-4: Building] INFO  o.e.m.c.i.embedder.EclipseLogger - Using 'UTF-8' encoding to copy filtered resources.
2022-08-23 22:04:37,721 [Worker-4: Building] INFO  o.e.m.c.i.embedder.EclipseLogger - skip non existing resourceDirectory F:\spring-framework\springcore\src\main\resources
2022-08-23 22:04:37,725 [Worker-4: Building] INFO  o.e.m.c.i.embedder.EclipseLogger - Using 'UTF-8' encoding to copy filtered resources.
2022-08-23 22:04:37,725 [Worker-4: Building] INFO  o.e.m.c.i.embedder.EclipseLogger - skip non existing resourceDirectory F:\spring-framework\springcore\src\test\resources
2022-08-23 22:04:38,505 [Worker-18: Building] INFO  o.e.m.c.i.embedder.EclipseLogger - Using 'UTF-8' encoding to copy filtered resources.
2022-08-23 22:04:38,505 [Worker-18: Building] INFO  o.e.m.c.i.embedder.EclipseLogger - skip non existing resourceDirectory F:\spring-framework\springcore\src\main\resources
2022-08-23 22:04:38,507 [Worker-18: Building] INFO  o.e.m.c.i.embedder.EclipseLogger - Using 'UTF-8' encoding to copy filtered resources.
2022-08-23 22:04:38,507 [Worker-18: Building] INFO  o.e.m.c.i.embedder.EclipseLogger - skip non existing resourceDirectory F:\spring-framework\springcore\src\test\resources
2022-08-23 22:04:38,751 [Worker-18: Building] INFO  o.e.m.c.i.l.LifecycleMappingFactory - Using org.eclipse.m2e.jdt.JarLifecycleMapping lifecycle mapping for MavenProject: com.spring.orm:springorm:0.0.1-SNAPSHOT @ F:\spring-framework\springorm\pom.xml.
2022-08-23 22:04:38,788 [Worker-18: Building] WARN  o.a.m.r.i.DefaultArtifactDescriptorReader - The artifact org.hibernate:hibernate-core:jar:6.0.2.Final has been relocated to org.hibernate.orm:hibernate-core:jar:6.0.2.Final
2022-08-23 22:04:39,692 [Worker-18: Building] INFO  o.e.m.c.i.embedder.EclipseLogger - Using 'UTF-8' encoding to copy filtered resources.
2022-08-23 22:04:39,692 [Worker-18: Building] INFO  o.e.m.c.i.embedder.EclipseLogger - skip non existing resourceDirectory F:\spring-framework\springorm\src\main\resources
2022-08-23 22:04:39,694 [Worker-18: Building] INFO  o.e.m.c.i.embedder.EclipseLogger - Using 'UTF-8' encoding to copy filtered resources.
2022-08-23 22:04:39,694 [Worker-18: Building] INFO  o.e.m.c.i.embedder.EclipseLogger - skip non existing resourceDirectory F:\spring-framework\springorm\src\test\resources
2022-08-23 22:04:40,086 [Worker-15: Updating Maven Dependencies] INFO  o.e.m.c.i.l.LifecycleMappingFactory - Using org.eclipse.m2e.jdt.JarLifecycleMapping lifecycle mapping for MavenProject: com.spring.orm:springorm:0.0.1-SNAPSHOT @ F:\spring-framework\springorm\pom.xml.
2022-08-23 22:04:40,110 [Worker-15: Updating Maven Dependencies] WARN  o.a.m.r.i.DefaultArtifactDescriptorReader - The artifact org.hibernate:hibernate-core:jar:6.0.2.Final has been relocated to org.hibernate.orm:hibernate-core:jar:6.0.2.Final
2022-08-23 22:04:41,034 [Worker-15: Building] WARN  o.a.m.r.i.DefaultArtifactDescriptorReader - The artifact org.hibernate:hibernate-core:jar:6.0.2.Final has been relocated to org.hibernate.orm:hibernate-core:jar:6.0.2.Final
2022-08-23 22:04:41,198 [Worker-15: Building] INFO  o.e.m.c.i.embedder.EclipseLogger - Using 'UTF-8' encoding to copy filtered resources.
2022-08-23 22:04:41,198 [Worker-15: Building] INFO  o.e.m.c.i.embedder.EclipseLogger - skip non existing resourceDirectory F:\spring-framework\springorm\src\main\resources
2022-08-23 22:04:41,200 [Worker-15: Building] INFO  o.e.m.c.i.embedder.EclipseLogger - Using 'UTF-8' encoding to copy filtered resources.
2022-08-23 22:04:41,200 [Worker-15: Building] INFO  o.e.m.c.i.embedder.EclipseLogger - skip non existing resourceDirectory F:\spring-framework\springorm\src\test\resources
2022-08-24 12:23:47,504 [Worker-5: Loading available Gradle versions] INFO  o.e.b.c.i.u.g.PublishedGradleVersions - Gradle version information cache is out-of-date. Trying to update.
